âš ï¸ Paywall detection not available - continuing without it
Running local page downloader...

ğŸ“¦ MODULE 1 â€” 50 links

ğŸ”½ Downloading scraped_id=4631: https://www.nea.gov.sg/docs/default-source/dpc/floatsam-2024.pdf
ğŸ“„ PDF saved at: localrepo/module_1/20250721_1345/4631/document.pdf
  âœ… Saved at: localrepo/module_1/20250721_1345/4631
  âœ… Updated DB for primary 4631

ğŸ”½ Downloading scraped_id=4634: https://saturncloud.io/blog/how-to-read-data-from-google-sheets-using-colaboratory-google/
ğŸŒ HTML saved at: localrepo/module_1/20250721_1345/4634/index.html
  âœ… Saved at: localrepo/module_1/20250721_1345/4634
  âœ… Updated DB for primary 4634

ğŸ”½ Downloading scraped_id=4643: https://kathyschwalbe.files.wordpress.com/2021/08/schwalbe-intro-pm-7e-sample-chapter-1.pdf
ğŸ“„ PDF saved at: localrepo/module_1/20250721_1345/4643/document.pdf
  âœ… Saved at: localrepo/module_1/20250721_1345/4643
  âœ… Updated DB for primary 4643
  â†ªï¸  Synced duplicate 4639
  â†ªï¸  Synced duplicate 4640
  â†ªï¸  Synced duplicate 4638
  â†ªï¸  Synced duplicate 4642
  â†ªï¸  Synced duplicate 4641

ğŸ”½ Downloading scraped_id=4685: https://kathyschwalbe.files.wordpress.com/2018/08/project2016guide.pdf
ğŸ“„ PDF saved at: localrepo/module_1/20250721_1345/4685/document.pdf
  âœ… Saved at: localrepo/module_1/20250721_1345/4685
  âœ… Updated DB for primary 4685
  â†ªï¸  Synced duplicate 4657
  â†ªï¸  Synced duplicate 4682
  â†ªï¸  Synced duplicate 4658
  â†ªï¸  Synced duplicate 4656
  â†ªï¸  Synced duplicate 4688
  â†ªï¸  Synced duplicate 4689
  â†ªï¸  Synced duplicate 4683
  â†ªï¸  Synced duplicate 4665
  â†ªï¸  Synced duplicate 4691
  â†ªï¸  Synced duplicate 4664
  â†ªï¸  Synced duplicate 4687
  â†ªï¸  Synced duplicate 4670
  â†ªï¸  Synced duplicate 4684
  â†ªï¸  Synced duplicate 4692
  â†ªï¸  Synced duplicate 4690
  â†ªï¸  Synced duplicate 4671
  â†ªï¸  Synced duplicate 4663
  â†ªï¸  Synced duplicate 4669
  â†ªï¸  Synced duplicate 4686
  â†ªï¸  Synced duplicate 4672

ğŸ”½ Downloading scraped_id=4666: http://en.wikipedia.org/wiki/Stakeholder_management
ğŸŒ HTML saved at: localrepo/module_1/20250721_1345/4666/index.html
  âœ… Saved at: localrepo/module_1/20250721_1345/4666
  âœ… Updated DB for primary 4666
  â†ªï¸  Synced duplicate 4673
  â†ªï¸  Synced duplicate 4674

ğŸ”½ Downloading scraped_id=4660: http://www.mindtools.com/pages/article/newPPM_07.htm
âŒ HTML save failed: Command '['/usr/bin/single-file', 'http://www.mindtools.com/pages/article/newPPM_07.htm', 'localrepo/module_1/20250721_1345/4660/index.html', '--browser-executable-path', '/usr/bin/google-chrome', '--max-resource-size-enabled', '--max-resource-size', '10']' returned non-zero exit status 130.
âŒ Download failed for scraped_id=4660

ğŸ”½ Downloading scraped_id=4630: https://www.xvideos.com

KeyboardInterrupt received â€” exiting gracefully.
âœ… Session 104 updated to status 'failed'
âœ… LMS Guardian completed!
Traceback (most recent call last):
  File "/usr/lib/python3.11/asyncio/runners.py", line 118, in run
    return self._loop.run_until_complete(task)
           ^^^^^^^^^^^^^^^^^^^^^^^^^^^^^^^^^^^
  File "/usr/lib/python3.11/asyncio/base_events.py", line 653, in run_until_complete
    return future.result()
           ^^^^^^^^^^^^^^^
asyncio.exceptions.CancelledError

During handling of the above exception, another exception occurred:

Traceback (most recent call last):
  File "/home/administrator/Test-Chau-LMS/lmstest1/scraper/main.py", line 751, in <module>
    asyncio.run(main())
  File "/usr/lib/python3.11/asyncio/runners.py", line 190, in run
    return runner.run(main)
           ^^^^^^^^^^^^^^^^
  File "/usr/lib/python3.11/asyncio/runners.py", line 123, in run
    raise KeyboardInterrupt()
KeyboardInterrupt
